[3/19/2015 11:53:12 PM] -------------------Новая игра-------------------
[3/19/2015 11:53:12 PM] База успешно прочитана
База:
Rita 518
Den 1190
Tom 10
Sem 100
[3/19/2015 11:53:12 PM] Ожидается игрок
[3/19/2015 11:53:17 PM] Имя игрока: Rita
[3/19/2015 11:53:17 PM] Имя обноруженно в базе
База:
Rita 518
Den 1190
Tom 10
Sem 100
На счету: 518
[3/19/2015 11:53:21 PM] Игрок ушел
База:
Rita 518
Den 1190
Tom 10
Sem 100
[3/19/2015 11:53:21 PM] Ожидается игрок
[3/19/2015 11:53:22 PM] Завершение работы
[3/19/2015 11:53:22 PM] -------------------Конец игры-------------------
[3/19/2015 11:53:53 PM] -------------------Новая игра-------------------
[3/19/2015 11:53:53 PM] Проблемы на сервере
[3/19/2015 11:53:53 PM] -------------------Конец игры-------------------
[3/19/2015 11:56:36 PM] -------------------Новая игра-------------------
[3/19/2015 11:56:36 PM] База успешно прочитана
База:
[3/19/2015 11:56:36 PM] Ожидается игрок
[3/19/2015 11:56:40 PM] Имя игрока: Rita
[3/19/2015 11:56:40 PM] Имя не обноруженно в базе
[3/19/2015 11:56:40 PM] Имя добавлено в базу
База:
Rita 0
На счету: 0
[3/19/2015 11:56:45 PM] Игрок пополнил счет на 1000
На счету: 1000
[3/19/2015 11:56:49 PM] Игрок ушел
База:
Rita 1000
[3/19/2015 11:56:49 PM] Ожидается игрок
[3/19/2015 11:56:52 PM] Имя игрока: Den
[3/19/2015 11:56:52 PM] Имя не обноруженно в базе
[3/19/2015 11:56:52 PM] Имя добавлено в базу
База:
Rita 1000
Den 0
На счету: 0
[3/19/2015 11:56:57 PM] Игрок пополнил счет на 2000
На счету: 2000
[3/19/2015 11:57:01 PM] Начинаем игру в BlackJack!
[3/19/2015 11:57:03 PM] Игрок сделал ставку = 10
[3/19/2015 11:57:05 PM] Игрок получает карты:
8 Черви
Дама Черви
[3/19/2015 11:57:05 PM] Количество набранных очков: 18
[3/19/2015 11:57:05 PM] Крупье получает карты:
6 Пики
3 Буби
Король Буби
[3/19/2015 11:57:05 PM] Количество набранных очков у казино: 19
[3/19/2015 11:57:05 PM] Количество набранных очков у игрока: 18
[3/19/2015 11:57:05 PM] Игрок проигрывает
На счету: 1990
[3/19/2015 11:57:07 PM] Начинаем игру в BlackJack!
[3/19/2015 11:57:12 PM] Игрок сделал ставку = 10
[3/19/2015 11:57:16 PM] Игрок получает карты:
5 Буби
Валет Буби
5 Черви
[3/19/2015 11:57:16 PM] Количество набранных очков: 20
[3/19/2015 11:57:16 PM] Крупье получает карты:
Валет Черви
9 Крести
[3/19/2015 11:57:16 PM] Количество набранных очков у казино: 19
[3/19/2015 11:57:16 PM] Количество набранных очков у игрока: 20
[3/19/2015 11:57:16 PM] Игрок побеждает
[3/19/2015 11:57:16 PM] Игрок получает двойную ставку
На счету: 2000
[3/19/2015 11:57:19 PM] Игрок ушел
База:
Rita 1000
Den 2000
[3/19/2015 11:57:19 PM] Ожидается игрок
[3/19/2015 11:57:20 PM] Завершение работы
[3/19/2015 11:57:20 PM] -------------------Конец игры-------------------
[3/20/2015 12:07:10 AM] -------------------Новая игра-------------------
[3/20/2015 12:07:10 AM] База успешно прочитана
База:
Rita 1000
Den 2000
[3/20/2015 12:07:10 AM] Ожидается игрок
[3/20/2015 12:07:14 AM] Имя игрока: Rita
[3/20/2015 12:07:14 AM] Имя обноруженно в базе
База:
Rita 1000
Den 2000
На счету: 1000
[3/20/2015 12:07:16 AM] Игрок ушел
База:
Rita 1000
Den 2000
[3/20/2015 12:07:16 AM] Ожидается игрок
[3/20/2015 12:07:17 AM] Завершение работы
[3/20/2015 12:07:17 AM] -------------------Конец игры-------------------
[3/20/2015 12:18:07 AM] -------------------Новая игра-------------------
[3/20/2015 12:18:07 AM] База успешно прочитана
База:
Rita 1000
Den 2000
[3/20/2015 12:18:07 AM] Ожидается игрок
[3/20/2015 12:18:08 AM] Завершение работы
[3/20/2015 12:18:08 AM] -------------------Конец игры-------------------
[3/20/2015 12:18:43 AM] -------------------Новая игра-------------------
[3/20/2015 12:18:43 AM] База успешно прочитана
База:
Rita 1000
Den 2000
[3/20/2015 12:18:43 AM] Ожидается игрок
[3/20/2015 12:18:45 AM] Завершение работы
[3/20/2015 12:18:45 AM] -------------------Конец игры-------------------
